Using pre-set license

 COMMAND LINE ARGUMENTS:
/Applications/Unity/Hub/Editor/2020.3.0f1/Unity.app/Contents/MacOS/Unity
-adb2
-batchMode
-noUpm
-name
AssetImportWorker0
-projectPath
/Users/cboyd/Unity_Projects/SwordsAndShields/tic-tac-toe-2x2-unity
-logFile
Logs/AssetImportWorker0.log
-srvPort
52389
Successfully changed project path to: /Users/cboyd/Unity_Projects/SwordsAndShields/tic-tac-toe-2x2-unity
/Users/cboyd/Unity_Projects/SwordsAndShields/tic-tac-toe-2x2-unity
Using Asset Import Pipeline V2.
Refreshing native plugins compatible for Editor in 43.06 ms, found 2 plugins.
Preloading 0 native plugins for Editor in 0.00 ms.
Initialize engine version: 2020.3.0f1 (c7b5465681fb)
[Subsystems] Discovering subsystems at path /Applications/Unity/Hub/Editor/2020.3.0f1/Unity.app/Contents/Resources/UnitySubsystems
[Subsystems] Discovering subsystems at path /Users/cboyd/Unity_Projects/SwordsAndShields/tic-tac-toe-2x2-unity/Assets
GfxDevice: creating device client; threaded=0
2021-03-29 15:23:03.818 Unity[58885:13343265] ZOWIE RL LCD preferred device: Intel(R) UHD Graphics 630 (low power)
2021-03-29 15:23:03.818 Unity[58885:13343265] Metal devices available: 1
2021-03-29 15:23:03.818 Unity[58885:13343265] 0: Intel(R) UHD Graphics 630 (low power)
2021-03-29 15:23:03.818 Unity[58885:13343265] Using device Intel(R) UHD Graphics 630 (low power)
Initializing Metal device caps: Intel(R) UHD Graphics 630
Initialize mono
Mono path[0] = '/Applications/Unity/Hub/Editor/2020.3.0f1/Unity.app/Contents/Managed'
Mono path[1] = '/Applications/Unity/Hub/Editor/2020.3.0f1/Unity.app/Contents/MonoBleedingEdge/lib/mono/unityjit'
Mono config path = '/Applications/Unity/Hub/Editor/2020.3.0f1/Unity.app/Contents/MonoBleedingEdge/etc'
Using monoOptions --debugger-agent=transport=dt_socket,embedding=1,server=y,suspend=n,address=127.0.0.1:56885
Begin MonoManager ReloadAssembly
Registering precompiled unity dll's ...
Register platform support module: /Applications/Unity/Hub/Editor/2020.3.0f1/Unity.app/Contents/PlaybackEngines/MacStandaloneSupport/UnityEditor.OSXStandalone.Extensions.dll
Registered in 0.002031 seconds.
Native extension for OSXStandalone target not found
Refreshing native plugins compatible for Editor in 41.25 ms, found 2 plugins.
Preloading 0 native plugins for Editor in 0.00 ms.
Invoked RoslynAnalysisRunner static constructor.
RoslynAnalysisRunner will not be running.
RoslynAnalysisRunner has terminated.
Mono: successfully reloaded assembly
- Completed reload, in  2.191 seconds
Platform modules already initialized, skipping
Registering precompiled user dll's ...
Registered in 0.001337 seconds.
Begin MonoManager ReloadAssembly
Native extension for OSXStandalone target not found
Refreshing native plugins compatible for Editor in 39.17 ms, found 2 plugins.
Preloading 0 native plugins for Editor in 0.00 ms.
Invoked RoslynAnalysisRunner static constructor.
RoslynAnalysisRunner will not be running.
RoslynAnalysisRunner has terminated.
Mono: successfully reloaded assembly
- Completed reload, in  1.152 seconds
Platform modules already initialized, skipping
========================================================================
Worker process is ready to serve import requests
Launching external process: /Applications/Unity/Hub/Editor/2020.3.0f1/Unity.app/Contents/Tools/UnityShaderCompiler
Launched and connected shader compiler UnityShaderCompiler after 0.01 seconds
Refreshing native plugins compatible for Editor in 0.31 ms, found 2 plugins.
Preloading 0 native plugins for Editor in 0.00 ms.
Unloading 1808 Unused Serialized files (Serialized files now loaded: 0)
System memory in use before: 144.9 MB.
System memory in use after: 144.9 MB.

Unloading 24 unused Assets to reduce memory usage. Loaded Objects now: 2251.
Total: 2.175844 ms (FindLiveObjects: 0.268817 ms CreateObjectMapping: 0.084285 ms MarkObjects: 1.702856 ms  DeleteObjects: 0.118908 ms)

========================================================================
Received Import Request.
  path: Assets/Scenes
  artifactKey: Guid(e111d83eb8fc247c7b9011974725adb5) Importer(815301076,1909f56bfc062723c751e8b465ee728b)
Start importing Assets/Scenes using Guid(e111d83eb8fc247c7b9011974725adb5) Importer(815301076,1909f56bfc062723c751e8b465ee728b)  -> (artifact id: '2b2d3c4996eb58c9344a878d9b425354') in 0.003641 seconds
  Import took 0.007686 seconds .

========================================================================
Received Import Request.
  Time since last request: 4.393512 seconds.
  path: Assets/Scenes/ClassExample.unity
  artifactKey: Guid(25f5116c7f50a48408b44aa32a51138d) Importer(815301076,1909f56bfc062723c751e8b465ee728b)
Start importing Assets/Scenes/ClassExample.unity using Guid(25f5116c7f50a48408b44aa32a51138d) Importer(815301076,1909f56bfc062723c751e8b465ee728b)  -> (artifact id: '7c249d1da4b785417ada663faa234e16') in 0.014951 seconds
  Import took 0.019229 seconds .

========================================================================
Received Import Request.
  Time since last request: 183.172530 seconds.
  path: Assets/Scripts/Tile.cs
  artifactKey: Guid(abc6a41bbb5b64cf9b046b4fe6065fcf) Importer(815301076,1909f56bfc062723c751e8b465ee728b)
Start importing Assets/Scripts/Tile.cs using Guid(abc6a41bbb5b64cf9b046b4fe6065fcf) Importer(815301076,1909f56bfc062723c751e8b465ee728b)  -> (artifact id: '3a1f0771d9bff1965a1bd8dee97b59b0') in 0.746572 seconds
  Import took 0.750030 seconds .

========================================================================
Received Import Request.
  Time since last request: 854.358467 seconds.
  path: Assets/Scenes/SampleScene.unity
  artifactKey: Guid(2cda990e2423bbf4892e6590ba056729) Importer(815301076,1909f56bfc062723c751e8b465ee728b)
Start importing Assets/Scenes/SampleScene.unity using Guid(2cda990e2423bbf4892e6590ba056729) Importer(815301076,1909f56bfc062723c751e8b465ee728b)  -> (artifact id: 'e41d14a2be3c006e82a8d2b3338552e6') in 0.010409 seconds
  Import took 0.030631 seconds .

========================================================================
Received Import Request.
  Time since last request: 5.546525 seconds.
  path: Assets/Scenes/ClassExample.unity
  artifactKey: Guid(25f5116c7f50a48408b44aa32a51138d) Importer(815301076,1909f56bfc062723c751e8b465ee728b)
Start importing Assets/Scenes/ClassExample.unity using Guid(25f5116c7f50a48408b44aa32a51138d) Importer(815301076,1909f56bfc062723c751e8b465ee728b)  -> (artifact id: '35ddb535a806e76e167d5de4336fdf88') in 0.004193 seconds
  Import took 0.007766 seconds .

